<?xml version="1.0" encoding="UTF-8"?>
<!-- Generated by org.testng.reporters.JUnitReportReporter -->
<testsuite hostname="Ashwani_Singh" name="Flipkart.com.Testcases.TestCase2" tests="1" failures="0" timestamp="21 Sep 2022 05:48:06 GMT" time="20.793" errors="0">
  <testcase name="AddCart" time="20.793" classname="Flipkart.com.Testcases.TestCase2"/>
</testsuite> <!-- Flipkart.com.Testcases.TestCase2 -->
