<?xml version="1.0" encoding="UTF-8"?>
<!-- Generated by org.testng.reporters.JUnitReportReporter -->
<testsuite hostname="Ashwani_Singh" failures="0" tests="2" name="Flipkart.com.Testcases.TestCase1" time="98.458" errors="0" timestamp="21 Sep 2022 08:43:06 GMT">
  <testcase classname="Flipkart.com.Testcases.TestCase1" name="LoginFinctionality" time="58.367"/>
  <testcase classname="Flipkart.com.Testcases.TestCase1" name="LoginFinctionality" time="40.091"/>
</testsuite> <!-- Flipkart.com.Testcases.TestCase1 -->
