<?xml version="1.0" encoding="UTF-8"?>
<!-- Generated by org.testng.reporters.JUnitReportReporter -->
<testsuite hostname="Ashwani_Singh" failures="0" tests="1" name="Flipkart.com.Testcases.TestCase2" time="19.907" errors="0" timestamp="21 Sep 2022 08:43:06 GMT">
  <testcase classname="Flipkart.com.Testcases.TestCase2" name="AddCart" time="19.907"/>
</testsuite> <!-- Flipkart.com.Testcases.TestCase2 -->
